2021-02-28 18:41:04,391 INFO [default] Start DynamicArray::DynamicArray(int)

2021-02-28 18:41:04,391 INFO [default] Start Params: 5

2021-02-28 18:41:04,391 INFO [default] at the beginning of the  constructor the pointer data is 0x7f6351082100

2021-02-28 18:41:04,391 INFO [default] setting the pointer "data" to a new array of size 5

2021-02-28 18:41:04,391 INFO [default] End DynamicArray::DynamicArray(int)

2021-02-28 18:41:04,391 INFO [default] End Params: 5

2021-02-28 18:41:04,391 INFO [default] at the end  of the  constructor the pointer data is 0x55c6334b5f78, it should be different than what it was

2021-02-28 18:41:04,391 INFO [default] Start bool DynamicArray::SetValue(std::__cxx11::string, int)

2021-02-28 18:41:04,391 INFO [default] Start Params: Homer,-1

2021-02-28 18:41:04,391 INFO [default] End Returning: false

2021-02-28 18:41:04,391 INFO [default] Start bool DynamicArray::SetValue(std::__cxx11::string, int)

2021-02-28 18:41:04,391 INFO [default] Start Params: Homer,5

2021-02-28 18:41:04,391 INFO [default] End Returning: false

2021-02-28 18:41:04,391 INFO [default] Start std::__cxx11::string DynamicArray::ToString()

2021-02-28 18:41:04,392 INFO [default] End std::__cxx11::string DynamicArray::ToString()

2021-02-28 18:41:04,392 INFO [default] End Returning: capacity: 5
data[0] value: 
data[1] value: 
data[2] value: 
data[3] value: 
data[4] value: 


2021-02-28 18:41:04,392 INFO [default] Start bool DynamicArray::SetValue(std::__cxx11::string, int)

2021-02-28 18:41:04,392 INFO [default] Start Params: Homer,0

2021-02-28 18:41:04,392 INFO [default] End Returning: true0

2021-02-28 18:41:04,392 INFO [default] Start bool DynamicArray::SetValue(std::__cxx11::string, int)

2021-02-28 18:41:04,392 INFO [default] Start Params: Marge,1

2021-02-28 18:41:04,392 INFO [default] End Returning: true1

2021-02-28 18:41:04,392 INFO [default] Start bool DynamicArray::SetValue(std::__cxx11::string, int)

2021-02-28 18:41:04,392 INFO [default] Start Params: Bart,2

2021-02-28 18:41:04,392 INFO [default] End Returning: true2

2021-02-28 18:41:04,392 INFO [default] Start bool DynamicArray::SetValue(std::__cxx11::string, int)

2021-02-28 18:41:04,392 INFO [default] Start Params: Lisa,3

2021-02-28 18:41:04,392 INFO [default] End Returning: true3

2021-02-28 18:41:04,392 INFO [default] Start bool DynamicArray::SetValue(std::__cxx11::string, int)

2021-02-28 18:41:04,392 INFO [default] Start Params: Maggie,4

2021-02-28 18:41:04,392 INFO [default] End Returning: true4

2021-02-28 18:41:04,392 INFO [default] Start bool DynamicArray::SetValue(std::__cxx11::string, int)

2021-02-28 18:41:04,392 INFO [default] Start Params: Apu,5

2021-02-28 18:41:04,392 INFO [default] End Returning: false

2021-02-28 18:41:04,392 INFO [default] Start std::__cxx11::string DynamicArray::ToString()

2021-02-28 18:41:04,392 INFO [default] End std::__cxx11::string DynamicArray::ToString()

2021-02-28 18:41:04,392 INFO [default] End Returning: capacity: 5
data[0] value: Homer
data[1] value: Marge
data[2] value: Bart
data[3] value: Lisa
data[4] value: Maggie


2021-02-28 18:41:04,392 INFO [default] Start bool DynamicArray::SetValue(std::__cxx11::string, int)

2021-02-28 18:41:04,392 INFO [default] Start Params: Manjula,0

2021-02-28 18:41:04,392 INFO [default] End Returning: true0

2021-02-28 18:41:04,392 INFO [default] Start std::__cxx11::string DynamicArray::ToString()

2021-02-28 18:41:04,392 INFO [default] End std::__cxx11::string DynamicArray::ToString()

2021-02-28 18:41:04,392 INFO [default] End Returning: capacity: 5
data[0] value: Manjula
data[1] value: Marge
data[2] value: Bart
data[3] value: Lisa
data[4] value: Maggie


2021-02-28 18:41:04,392 INFO [default] Start DynamicArray::DynamicArray(const DynamicArray&)

2021-02-28 18:41:04,392 INFO [default] at the beginning of the  constructor the pointer data is 0x7ffdb7140b50 

2021-02-28 18:41:04,392 INFO [default] setting the pointer "data" to a new array of size 5

2021-02-28 18:41:04,392 INFO [default] copying the values in the array over 

2021-02-28 18:41:04,392 INFO [default] at the end  of the  constructor the pointer data is 0x55c6334b6d28:   , it should be different than what it was

2021-02-28 18:41:04,392 INFO [default] End DynamicArray::DynamicArray(const DynamicArray&)

2021-02-28 18:41:04,392 INFO [default] Start bool DynamicArray::SetValue(std::__cxx11::string, int)

2021-02-28 18:41:04,392 INFO [default] Start Params: Better not be in arr2,0

2021-02-28 18:41:04,392 INFO [default] End Returning: true0

2021-02-28 18:41:04,392 INFO [default] Start bool DynamicArray::SetValue(std::__cxx11::string, int)

2021-02-28 18:41:04,392 INFO [default] Start Params: Better not be in arr2 either,1

2021-02-28 18:41:04,392 INFO [default] End Returning: true1

2021-02-28 18:41:04,392 INFO [default] Start std::__cxx11::string DynamicArray::ToString()

2021-02-28 18:41:04,392 INFO [default] End std::__cxx11::string DynamicArray::ToString()

2021-02-28 18:41:04,392 INFO [default] End Returning: capacity: 5
data[0] value: Better not be in arr2
data[1] value: Better not be in arr2 either
data[2] value: Bart
data[3] value: Lisa
data[4] value: Maggie


2021-02-28 18:41:04,392 INFO [default] Start std::__cxx11::string DynamicArray::ToString()

2021-02-28 18:41:04,392 INFO [default] End std::__cxx11::string DynamicArray::ToString()

2021-02-28 18:41:04,392 INFO [default] End Returning: capacity: 5
data[0] value: Manjula
data[1] value: Marge
data[2] value: Bart
data[3] value: Lisa
data[4] value: Maggie


2021-02-28 18:41:04,392 INFO [default] Start DynamicArray::~DynamicArray()

2021-02-28 18:41:04,392 INFO [default] calling delete[] on the pointer "data" 

2021-02-28 18:41:04,392 INFO [default] End DynamicArray::~DynamicArray()

2021-02-28 18:41:04,392 INFO [default] Start DynamicArray::~DynamicArray()

2021-02-28 18:41:04,392 INFO [default] calling delete[] on the pointer "data" 

2021-02-28 18:41:04,392 INFO [default] End DynamicArray::~DynamicArray()

