2021-02-23 08:33:09,559 INFO [default] Start int Function1PBV(int, int, int)

2021-02-23 08:33:09,559 INFO [default] Start Params: 0,-10.10

2021-02-23 08:33:09,559 INFO [default] End int Function1PBV(int, int, int)

2021-02-23 08:33:09,559 INFO [default] returning:0

2021-02-23 08:33:09,559 INFO [default] Start int Function1PBV(int, int, int)

2021-02-23 08:33:09,559 INFO [default] Start Params: -50,-50.10

2021-02-23 08:33:09,559 INFO [default] End int Function1PBV(int, int, int)

2021-02-23 08:33:09,559 INFO [default] returning:-50

2021-02-23 08:33:09,559 INFO [default] Start int Function1PBV(int, int, int)

2021-02-23 08:33:09,559 INFO [default] Start Params: 2,3.4

2021-02-23 08:33:09,559 INFO [default] End int Function1PBV(int, int, int)

2021-02-23 08:33:09,559 INFO [default] returning:3

2021-02-23 08:33:09,559 INFO [default] Start int Function1PBV(int, int, int)

2021-02-23 08:33:09,559 INFO [default] Start Params: 23,4.7

2021-02-23 08:33:09,559 INFO [default] End int Function1PBV(int, int, int)

2021-02-23 08:33:09,559 INFO [default] returning:7

2021-02-23 08:33:09,559 INFO [default] Start void Function1PBR(int&, int, int, int)

2021-02-23 08:33:09,559 INFO [default] Start Params: 7,-10,10.3

2021-02-23 08:33:09,559 INFO [default] End void Function1PBR(int&, int, int, int)

2021-02-23 08:33:09,559 INFO [default] End Params: 3,-10,10.3

2021-02-23 08:33:09,559 INFO [default] Start void Function1PBR(int&, int, int, int)

2021-02-23 08:33:09,559 INFO [default] Start Params: 3,2,3.4

2021-02-23 08:33:09,559 INFO [default] End void Function1PBR(int&, int, int, int)

2021-02-23 08:33:09,560 INFO [default] End Params: 3,2,3.4

2021-02-23 08:33:09,560 INFO [default] Start void Function1PBR(int&, int, int, int)

2021-02-23 08:33:09,560 INFO [default] Start Params: 3,23,4.7

2021-02-23 08:33:09,560 INFO [default] End void Function1PBR(int&, int, int, int)

2021-02-23 08:33:09,560 INFO [default] End Params: 7,23,4.7

2021-02-23 08:33:09,560 INFO [default] Start void Function1PBR(int&, int, int, int)

2021-02-23 08:33:09,560 INFO [default] Start Params: 7,9,1.6

2021-02-23 08:33:09,560 INFO [default] End void Function1PBR(int&, int, int, int)

2021-02-23 08:33:09,560 INFO [default] End Params: 6,9,1.6

2021-02-23 08:33:09,560 INFO [default] Start double Function2PBV(double, double, double, double, double)

2021-02-23 08:33:09,560 INFO [default] Start Params: 10.1,100.1.10.1,-1.1,100.1

2021-02-23 08:33:09,560 INFO [default] End double Function2PBV(double, double, double, double, double)

2021-02-23 08:33:09,560 INFO [default] Returning: 219.3

2021-02-23 08:33:09,560 INFO [default] Start double Function2PBV(double, double, double, double, double)

2021-02-23 08:33:09,560 INFO [default] Start Params: 20.3,30.1.99.9,7.7,90.2

2021-02-23 08:33:09,560 INFO [default] End double Function2PBV(double, double, double, double, double)

2021-02-23 08:33:09,560 INFO [default] Returning: 248.2

2021-02-23 08:33:09,560 INFO [default] Start double Function2PBV(double, double, double, double, double)

2021-02-23 08:33:09,560 INFO [default] Start Params: 11.1,8.8.4.6,32.6,90.3

2021-02-23 08:33:09,560 INFO [default] End double Function2PBV(double, double, double, double, double)

2021-02-23 08:33:09,560 INFO [default] Returning: 147.4

2021-02-23 08:33:09,560 INFO [default] Start double Function2PBV(double, double, double, double, double)

2021-02-23 08:33:09,560 INFO [default] Start Params: 10.1,20.2.30.3,40.4,50.5

2021-02-23 08:33:09,560 INFO [default] End double Function2PBV(double, double, double, double, double)

2021-02-23 08:33:09,560 INFO [default] Returning: 151.5

2021-02-23 08:33:09,560 INFO [default] Start void Function2PBR(double&, double, double, double, double, double)

2021-02-23 08:33:09,560 INFO [default] Start Params: 151.5,100.1,100.1.100.1,100.1,100.1

2021-02-23 08:33:09,560 INFO [default] End void Function2PBR(double&, double, double, double, double, double)

2021-02-23 08:33:09,560 INFO [default] End Params: 500.5,100.1,100.1.100.1,100.1,100.1

2021-02-23 08:33:09,560 INFO [default] Start void Function2PBR(double&, double, double, double, double, double)

2021-02-23 08:33:09,560 INFO [default] Start Params: 500.5,10.1,20.2.30.3,40.4,50.5

2021-02-23 08:33:09,560 INFO [default] End void Function2PBR(double&, double, double, double, double, double)

2021-02-23 08:33:09,560 INFO [default] End Params: 151.5,10.1,20.2.30.3,40.4,50.5

2021-02-23 08:33:09,560 INFO [default] Start void Function2PBR(double&, double, double, double, double, double)

2021-02-23 08:33:09,560 INFO [default] Start Params: 151.5,11.1,8.8.4.6,32.6,90.3

2021-02-23 08:33:09,560 INFO [default] End void Function2PBR(double&, double, double, double, double, double)

2021-02-23 08:33:09,560 INFO [default] End Params: 147.4,11.1,8.8.4.6,32.6,90.3

2021-02-23 08:33:09,560 INFO [default] Start void Function2PBR(double&, double, double, double, double, double)

2021-02-23 08:33:09,560 INFO [default] Start Params: 147.4,20.3,30.1.99.9,7.7,90.2

2021-02-23 08:33:09,560 INFO [default] End void Function2PBR(double&, double, double, double, double, double)

2021-02-23 08:33:09,560 INFO [default] End Params: 248.2,20.3,30.1.99.9,7.7,90.2

2021-02-23 08:33:09,560 INFO [default] Start void Function3PBR(double&, double&, double&)

2021-02-23 08:33:09,560 INFO [default] Start Params: 300.3,200.2.100.1

2021-02-23 08:33:09,560 INFO [default] End void Function3PBR(double&, double&, double&)

2021-02-23 08:33:09,560 INFO [default] End Params: 100.1,200.2.300.3

2021-02-23 08:33:09,560 INFO [default] Start void Function3PBR(double&, double&, double&)

2021-02-23 08:33:09,561 INFO [default] Start Params: 500.5,22.2.1.1

2021-02-23 08:33:09,561 INFO [default] End void Function3PBR(double&, double&, double&)

2021-02-23 08:33:09,561 INFO [default] End Params: 1.1,22.2.500.5

2021-02-23 08:33:09,561 INFO [default] Start void Function3PBR(double&, double&, double&)

2021-02-23 08:33:09,561 INFO [default] Start Params: 3.3,2.2.1.1

2021-02-23 08:33:09,561 INFO [default] End void Function3PBR(double&, double&, double&)

2021-02-23 08:33:09,561 INFO [default] End Params: 1.1,2.2.3.3

