2021-03-14 22:12:21,968 INFO [default] Start Shape::Shape()

2021-03-14 22:12:21,968 INFO [default] End Shape::Shape()

2021-03-14 22:12:21,968 INFO [default] Start Line::Line(double)

2021-03-14 22:12:21,968 INFO [default] Start void Line::SetLength(double)

2021-03-14 22:12:21,968 INFO [default] End void Line::SetLength(double)

2021-03-14 22:12:21,968 INFO [default] End Line::Line(double)

2021-03-14 22:12:21,968 INFO [default] Start Rectangle::Rectangle(double, double)

2021-03-14 22:12:21,968 INFO [default] Start void Line::SetLength(double)

2021-03-14 22:12:21,968 INFO [default] End void Line::SetLength(double)

2021-03-14 22:12:21,968 INFO [default] Start void Rectangle::SetWidth(double)

2021-03-14 22:12:21,968 INFO [default] End void Rectangle::SetWidth(double)

2021-03-14 22:12:21,968 INFO [default] End Rectangle::Rectangle(double, double)

2021-03-14 22:12:21,968 INFO [default] Start Rectangular_Prism::Rectangular_Prism(double, double, double)

2021-03-14 22:12:21,968 INFO [default] Start void Line::SetLength(double)

2021-03-14 22:12:21,968 INFO [default] End void Line::SetLength(double)

2021-03-14 22:12:21,968 INFO [default] Start void Rectangle::SetWidth(double)

2021-03-14 22:12:21,968 INFO [default] End void Rectangle::SetWidth(double)

2021-03-14 22:12:21,968 INFO [default] Start void Rectangular_Prism::SetDepth(double)

2021-03-14 22:12:21,968 INFO [default] End void Rectangular_Prism::SetDepth(double)

2021-03-14 22:12:21,968 INFO [default] End Rectangular_Prism::Rectangular_Prism(double, double, double)

2021-03-14 22:12:21,968 INFO [default] Start std::__cxx11::string Rectangular_Prism::ToString()

2021-03-14 22:12:21,968 INFO [default] Start double Rectangular_Prism::Area()

2021-03-14 22:12:21,968 INFO [default] End double Rectangular_Prism::Area()

2021-03-14 22:12:21,968 INFO [default] Returning:  0

2021-03-14 22:12:21,968 INFO [default] Start double Rectangular_Prism::Volume()

2021-03-14 22:12:21,968 INFO [default] Start double Rectangle::Area()

2021-03-14 22:12:21,968 INFO [default] End double Rectangle::Area()

2021-03-14 22:12:21,968 INFO [default] Returning: 0

2021-03-14 22:12:21,968 INFO [default] End double Rectangular_Prism::Volume()

2021-03-14 22:12:21,968 INFO [default] Returning: 0

2021-03-14 22:12:21,968 INFO [default] End std::__cxx11::string Rectangular_Prism::ToString()

2021-03-14 22:12:21,969 INFO [default] Returning: Rectangular_Prism:
Length: 0
Width: 0
Depth: 0
Area: 0
Volume: 0


2021-03-14 22:12:21,969 INFO [default] Start void Line::SetLength(double)

2021-03-14 22:12:21,969 INFO [default] End void Line::SetLength(double)

2021-03-14 22:12:21,969 INFO [default] Start void Rectangle::SetWidth(double)

2021-03-14 22:12:21,969 INFO [default] End void Rectangle::SetWidth(double)

2021-03-14 22:12:21,969 INFO [default] Start void Rectangular_Prism::SetDepth(double)

2021-03-14 22:12:21,969 INFO [default] End void Rectangular_Prism::SetDepth(double)

2021-03-14 22:12:21,969 INFO [default] Start std::__cxx11::string Rectangular_Prism::ToString()

2021-03-14 22:12:21,969 INFO [default] Start double Rectangular_Prism::Area()

2021-03-14 22:12:21,969 INFO [default] End double Rectangular_Prism::Area()

2021-03-14 22:12:21,969 INFO [default] Returning:  262

2021-03-14 22:12:21,969 INFO [default] Start double Rectangular_Prism::Volume()

2021-03-14 22:12:21,969 INFO [default] Start double Rectangle::Area()

2021-03-14 22:12:21,969 INFO [default] End double Rectangle::Area()

2021-03-14 22:12:21,969 INFO [default] Returning: 35

2021-03-14 22:12:21,969 INFO [default] End double Rectangular_Prism::Volume()

2021-03-14 22:12:21,969 INFO [default] Returning: 280

2021-03-14 22:12:21,969 INFO [default] End std::__cxx11::string Rectangular_Prism::ToString()

2021-03-14 22:12:21,969 INFO [default] Returning: Rectangular_Prism:
Length: 5
Width: 7
Depth: 8
Area: 262
Volume: 280


2021-03-14 22:12:21,969 INFO [default] Start Shape::Shape()

2021-03-14 22:12:21,969 INFO [default] End Shape::Shape()

2021-03-14 22:12:21,969 INFO [default] Start Line::Line(double)

2021-03-14 22:12:21,969 INFO [default] Start void Line::SetLength(double)

2021-03-14 22:12:21,969 INFO [default] End void Line::SetLength(double)

2021-03-14 22:12:21,969 INFO [default] End Line::Line(double)

2021-03-14 22:12:21,969 INFO [default] Start Rectangle::Rectangle(double, double)

2021-03-14 22:12:21,969 INFO [default] Start void Line::SetLength(double)

2021-03-14 22:12:21,969 INFO [default] End void Line::SetLength(double)

2021-03-14 22:12:21,969 INFO [default] Start void Rectangle::SetWidth(double)

2021-03-14 22:12:21,969 INFO [default] End void Rectangle::SetWidth(double)

2021-03-14 22:12:21,969 INFO [default] End Rectangle::Rectangle(double, double)

2021-03-14 22:12:21,969 INFO [default] Start Rectangular_Prism::Rectangular_Prism(double, double, double)

2021-03-14 22:12:21,969 INFO [default] Start void Line::SetLength(double)

2021-03-14 22:12:21,969 INFO [default] End void Line::SetLength(double)

2021-03-14 22:12:21,969 INFO [default] Start void Rectangle::SetWidth(double)

2021-03-14 22:12:21,969 INFO [default] End void Rectangle::SetWidth(double)

2021-03-14 22:12:21,969 INFO [default] Start void Rectangular_Prism::SetDepth(double)

2021-03-14 22:12:21,969 INFO [default] End void Rectangular_Prism::SetDepth(double)

2021-03-14 22:12:21,969 INFO [default] End Rectangular_Prism::Rectangular_Prism(double, double, double)

2021-03-14 22:12:21,969 INFO [default] Start std::__cxx11::string Rectangular_Prism::ToString()

2021-03-14 22:12:21,969 INFO [default] Start double Rectangular_Prism::Area()

2021-03-14 22:12:21,969 INFO [default] End double Rectangular_Prism::Area()

2021-03-14 22:12:21,969 INFO [default] Returning:  258

2021-03-14 22:12:21,969 INFO [default] Start double Rectangular_Prism::Volume()

2021-03-14 22:12:21,969 INFO [default] Start double Rectangle::Area()

2021-03-14 22:12:21,969 INFO [default] End double Rectangle::Area()

2021-03-14 22:12:21,969 INFO [default] Returning: 54

2021-03-14 22:12:21,969 INFO [default] End double Rectangular_Prism::Volume()

2021-03-14 22:12:21,969 INFO [default] Returning: 270

2021-03-14 22:12:21,969 INFO [default] End std::__cxx11::string Rectangular_Prism::ToString()

2021-03-14 22:12:21,969 INFO [default] Returning: Rectangular_Prism:
Length: 6
Width: 9
Depth: 5
Area: 258
Volume: 270


2021-03-14 22:12:21,969 INFO [default] Start Shape::~Shape()

2021-03-14 22:12:21,969 INFO [default] End Shape::~Shape()

2021-03-14 22:12:21,969 INFO [default] Start Shape::~Shape()

2021-03-14 22:12:21,969 INFO [default] End Shape::~Shape()

