2021-03-03 18:00:35,797 INFO [default] Start DynamicArray::DynamicArray(int)

2021-03-03 18:00:35,798 INFO [default] at the beginning of the  constructor the pointer data is 0x7ffe51cafce0

2021-03-03 18:00:35,798 INFO [default] setting the pointer "data" to a new array of size 3

2021-03-03 18:00:35,798 INFO [default] at the end  of the  constructor the pointer data is 0x560b381d6f78 , it should be different than what it was 
2021-03-03 18:00:35,798 INFO [default] End DynamicArray::DynamicArray(int)

2021-03-03 18:00:35,798 INFO [default] Start DynamicArray::DynamicArray(int)

2021-03-03 18:00:35,798 INFO [default] at the beginning of the  constructor the pointer data is 0x7ffe51cafce0

2021-03-03 18:00:35,798 INFO [default] setting the pointer "data" to a new array of size 8

2021-03-03 18:00:35,798 INFO [default] at the end  of the  constructor the pointer data is 0x560b381cd758 , it should be different than what it was 
2021-03-03 18:00:35,798 INFO [default] End DynamicArray::DynamicArray(int)

2021-03-03 18:00:35,798 INFO [default] Start DynamicArray::DynamicArray(int)

2021-03-03 18:00:35,798 INFO [default] at the beginning of the  constructor the pointer data is 0x1

2021-03-03 18:00:35,798 INFO [default] setting the pointer "data" to a new array of size 2

2021-03-03 18:00:35,798 INFO [default] at the end  of the  constructor the pointer data is 0x560b381d1948 , it should be different than what it was 
2021-03-03 18:00:35,798 INFO [default] End DynamicArray::DynamicArray(int)

2021-03-03 18:00:35,798 INFO [default] Start DynamicArray::DynamicArray(int)

2021-03-03 18:00:35,798 INFO [default] at the beginning of the  constructor the pointer data is 0x1

2021-03-03 18:00:35,798 INFO [default] setting the pointer "data" to a new array of size 5

2021-03-03 18:00:35,798 INFO [default] at the end  of the  constructor the pointer data is 0x560b381d71c8 , it should be different than what it was 
2021-03-03 18:00:35,798 INFO [default] End DynamicArray::DynamicArray(int)

2021-03-03 18:00:35,798 INFO [default] Start bool DynamicArray::SetValue(std::__cxx11::string, int)

2021-03-03 18:00:35,798 INFO [default] End bool DynamicArray::SetValue(std::__cxx11::string, int)

2021-03-03 18:00:35,798 INFO [default] Start bool DynamicArray::SetValue(std::__cxx11::string, int)

2021-03-03 18:00:35,798 INFO [default] End bool DynamicArray::SetValue(std::__cxx11::string, int)

2021-03-03 18:00:35,798 INFO [default] Start bool DynamicArray::SetValue(std::__cxx11::string, int)

2021-03-03 18:00:35,798 INFO [default] End bool DynamicArray::SetValue(std::__cxx11::string, int)

2021-03-03 18:00:35,798 INFO [default] Start bool DynamicArray::SetValue(std::__cxx11::string, int)

2021-03-03 18:00:35,798 INFO [default] End bool DynamicArray::SetValue(std::__cxx11::string, int)

2021-03-03 18:00:35,798 INFO [default] Start bool DynamicArray::SetValue(std::__cxx11::string, int)

2021-03-03 18:00:35,798 INFO [default] End bool DynamicArray::SetValue(std::__cxx11::string, int)

2021-03-03 18:00:35,798 INFO [default] Start bool DynamicArray::SetValue(std::__cxx11::string, int)

2021-03-03 18:00:35,798 INFO [default] End bool DynamicArray::SetValue(std::__cxx11::string, int)

2021-03-03 18:00:35,798 INFO [default] Start bool DynamicArray::SetValue(std::__cxx11::string, int)

2021-03-03 18:00:35,798 INFO [default] End bool DynamicArray::SetValue(std::__cxx11::string, int)

2021-03-03 18:00:35,798 INFO [default] Start bool DynamicArray::SetValue(std::__cxx11::string, int)

2021-03-03 18:00:35,798 INFO [default] End bool DynamicArray::SetValue(std::__cxx11::string, int)

2021-03-03 18:00:35,798 INFO [default] Start bool DynamicArray::SetValue(std::__cxx11::string, int)

2021-03-03 18:00:35,798 INFO [default] End bool DynamicArray::SetValue(std::__cxx11::string, int)

2021-03-03 18:00:35,798 INFO [default] Start bool DynamicArray::SetValue(std::__cxx11::string, int)

2021-03-03 18:00:35,798 INFO [default] End bool DynamicArray::SetValue(std::__cxx11::string, int)

2021-03-03 18:00:35,798 INFO [default] Start bool DynamicArray::SetValue(std::__cxx11::string, int)

2021-03-03 18:00:35,798 INFO [default] End bool DynamicArray::SetValue(std::__cxx11::string, int)

2021-03-03 18:00:35,798 INFO [default] Start bool DynamicArray::SetValue(std::__cxx11::string, int)

2021-03-03 18:00:35,798 INFO [default] End bool DynamicArray::SetValue(std::__cxx11::string, int)

2021-03-03 18:00:35,798 INFO [default] Start bool DynamicArray::SetValue(std::__cxx11::string, int)

2021-03-03 18:00:35,798 INFO [default] End bool DynamicArray::SetValue(std::__cxx11::string, int)

2021-03-03 18:00:35,798 INFO [default] Start std::__cxx11::string DynamicArray::ToString()

2021-03-03 18:00:35,798 INFO [default] End std::__cxx11::string DynamicArray::ToString()

2021-03-03 18:00:35,798 INFO [default] Start std::__cxx11::string DynamicArray::ToString()

2021-03-03 18:00:35,798 INFO [default] End std::__cxx11::string DynamicArray::ToString()

2021-03-03 18:00:35,799 INFO [default] Start std::__cxx11::string DynamicArray::ToString()

2021-03-03 18:00:35,799 INFO [default] End std::__cxx11::string DynamicArray::ToString()

2021-03-03 18:00:35,799 INFO [default] Start DynamicArray DynamicArray::operator+(const DynamicArray&)

2021-03-03 18:00:35,799 INFO [default] Start DynamicArray::DynamicArray(int)

2021-03-03 18:00:35,799 INFO [default] at the beginning of the  constructor the pointer data is 0x7ffe51cafcf0

2021-03-03 18:00:35,799 INFO [default] setting the pointer "data" to a new array of size 11

2021-03-03 18:00:35,799 INFO [default] at the end  of the  constructor the pointer data is 0x560b381d7a38 , it should be different than what it was 
2021-03-03 18:00:35,799 INFO [default] End DynamicArray::DynamicArray(int)

2021-03-03 18:00:35,799 INFO [default] End DynamicArray DynamicArray::operator+(const DynamicArray&)

2021-03-03 18:00:35,799 INFO [default] Start DynamicArray& DynamicArray::operator=(const DynamicArray&)

2021-03-03 18:00:35,799 INFO [default] End DynamicArray& DynamicArray::operator=(const DynamicArray&)

2021-03-03 18:00:35,799 INFO [default] Start DynamicArray::~DynamicArray()

2021-03-03 18:00:35,799 INFO [default] calling delete[] on the pointer "data" 

2021-03-03 18:00:35,799 INFO [default] End DynamicArray::~DynamicArray()

2021-03-03 18:00:35,799 INFO [default] Start std::__cxx11::string DynamicArray::ToString()

2021-03-03 18:00:35,799 INFO [default] End std::__cxx11::string DynamicArray::ToString()

2021-03-03 18:00:35,799 INFO [default] Start DynamicArray DynamicArray::operator+(const DynamicArray&)

2021-03-03 18:00:35,799 INFO [default] Start DynamicArray::DynamicArray(int)

2021-03-03 18:00:35,799 INFO [default] at the beginning of the  constructor the pointer data is 0x560b381d7a38

2021-03-03 18:00:35,799 INFO [default] setting the pointer "data" to a new array of size 10

2021-03-03 18:00:35,799 INFO [default] at the end  of the  constructor the pointer data is 0x560b381d8568 , it should be different than what it was 
2021-03-03 18:00:35,799 INFO [default] End DynamicArray::DynamicArray(int)

2021-03-03 18:00:35,799 INFO [default] End DynamicArray DynamicArray::operator+(const DynamicArray&)

2021-03-03 18:00:35,799 INFO [default] Start DynamicArray& DynamicArray::operator=(const DynamicArray&)

2021-03-03 18:00:35,799 INFO [default] End DynamicArray& DynamicArray::operator=(const DynamicArray&)

2021-03-03 18:00:35,799 INFO [default] Start DynamicArray::~DynamicArray()

2021-03-03 18:00:35,799 INFO [default] calling delete[] on the pointer "data" 

2021-03-03 18:00:35,799 INFO [default] End DynamicArray::~DynamicArray()

2021-03-03 18:00:35,799 INFO [default] Start std::__cxx11::string DynamicArray::ToString()

2021-03-03 18:00:35,799 INFO [default] End std::__cxx11::string DynamicArray::ToString()

2021-03-03 18:00:35,799 INFO [default] Start DynamicArray::~DynamicArray()

2021-03-03 18:00:35,799 INFO [default] calling delete[] on the pointer "data" 

2021-03-03 18:00:35,799 INFO [default] End DynamicArray::~DynamicArray()

2021-03-03 18:00:35,799 INFO [default] Start DynamicArray::~DynamicArray()

2021-03-03 18:00:35,799 INFO [default] calling delete[] on the pointer "data" 

2021-03-03 18:00:35,799 INFO [default] End DynamicArray::~DynamicArray()

2021-03-03 18:00:35,799 INFO [default] Start DynamicArray::~DynamicArray()

2021-03-03 18:00:35,799 INFO [default] calling delete[] on the pointer "data" 

2021-03-03 18:00:35,799 INFO [default] End DynamicArray::~DynamicArray()

2021-03-03 18:00:35,799 INFO [default] Start DynamicArray::~DynamicArray()

2021-03-03 18:00:35,799 INFO [default] calling delete[] on the pointer "data" 

2021-03-03 18:00:35,799 INFO [default] End DynamicArray::~DynamicArray()

