2021-03-03 18:00:54,178 INFO [default] Start DynamicArray::DynamicArray(int)

2021-03-03 18:00:54,178 INFO [default] at the beginning of the  constructor the pointer data is 0x1

2021-03-03 18:00:54,178 INFO [default] setting the pointer "data" to a new array of size 3

2021-03-03 18:00:54,178 INFO [default] at the end  of the  constructor the pointer data is 0x561f435bbf78 , it should be different than what it was 
2021-03-03 18:00:54,178 INFO [default] End DynamicArray::DynamicArray(int)

2021-03-03 18:00:54,178 INFO [default] Start DynamicArray::DynamicArray(int)

2021-03-03 18:00:54,178 INFO [default] at the beginning of the  constructor the pointer data is 0x7ffd12e03a40

2021-03-03 18:00:54,178 INFO [default] setting the pointer "data" to a new array of size 8

2021-03-03 18:00:54,178 INFO [default] at the end  of the  constructor the pointer data is 0x561f435b2758 , it should be different than what it was 
2021-03-03 18:00:54,178 INFO [default] End DynamicArray::DynamicArray(int)

2021-03-03 18:00:54,178 INFO [default] Start bool DynamicArray::SetValue(std::__cxx11::string, int)

2021-03-03 18:00:54,178 INFO [default] End bool DynamicArray::SetValue(std::__cxx11::string, int)

2021-03-03 18:00:54,178 INFO [default] Start bool DynamicArray::SetValue(std::__cxx11::string, int)

2021-03-03 18:00:54,178 INFO [default] End bool DynamicArray::SetValue(std::__cxx11::string, int)

2021-03-03 18:00:54,178 INFO [default] Start bool DynamicArray::SetValue(std::__cxx11::string, int)

2021-03-03 18:00:54,178 INFO [default] End bool DynamicArray::SetValue(std::__cxx11::string, int)

2021-03-03 18:00:54,178 INFO [default] Start bool DynamicArray::SetValue(std::__cxx11::string, int)

2021-03-03 18:00:54,178 INFO [default] End bool DynamicArray::SetValue(std::__cxx11::string, int)

2021-03-03 18:00:54,178 INFO [default] Start bool DynamicArray::SetValue(std::__cxx11::string, int)

2021-03-03 18:00:54,178 INFO [default] End bool DynamicArray::SetValue(std::__cxx11::string, int)

2021-03-03 18:00:54,178 INFO [default] Start bool DynamicArray::SetValue(std::__cxx11::string, int)

2021-03-03 18:00:54,178 INFO [default] End bool DynamicArray::SetValue(std::__cxx11::string, int)

2021-03-03 18:00:54,178 INFO [default] Start bool DynamicArray::SetValue(std::__cxx11::string, int)

2021-03-03 18:00:54,178 INFO [default] End bool DynamicArray::SetValue(std::__cxx11::string, int)

2021-03-03 18:00:54,178 INFO [default] Start bool DynamicArray::SetValue(std::__cxx11::string, int)

2021-03-03 18:00:54,178 INFO [default] End bool DynamicArray::SetValue(std::__cxx11::string, int)

2021-03-03 18:00:54,178 INFO [default] Start bool DynamicArray::SetValue(std::__cxx11::string, int)

2021-03-03 18:00:54,178 INFO [default] End bool DynamicArray::SetValue(std::__cxx11::string, int)

2021-03-03 18:00:54,178 INFO [default] Start bool DynamicArray::SetValue(std::__cxx11::string, int)

2021-03-03 18:00:54,178 INFO [default] End bool DynamicArray::SetValue(std::__cxx11::string, int)

2021-03-03 18:00:54,179 INFO [default] Start bool DynamicArray::SetValue(std::__cxx11::string, int)

2021-03-03 18:00:54,179 INFO [default] End bool DynamicArray::SetValue(std::__cxx11::string, int)

2021-03-03 18:00:54,179 INFO [default] Start std::__cxx11::string DynamicArray::ToString()

2021-03-03 18:00:54,179 INFO [default] End std::__cxx11::string DynamicArray::ToString()

2021-03-03 18:00:54,179 INFO [default] Start std::__cxx11::string DynamicArray::ToString()

2021-03-03 18:00:54,179 INFO [default] End std::__cxx11::string DynamicArray::ToString()

2021-03-03 18:00:54,179 INFO [default] Start DynamicArray& DynamicArray::operator=(const DynamicArray&)

2021-03-03 18:00:54,179 INFO [default] End DynamicArray& DynamicArray::operator=(const DynamicArray&)

2021-03-03 18:00:54,179 INFO [default] Start std::__cxx11::string DynamicArray::ToString()

2021-03-03 18:00:54,179 INFO [default] End std::__cxx11::string DynamicArray::ToString()

2021-03-03 18:00:54,179 INFO [default] Start DynamicArray::~DynamicArray()

2021-03-03 18:00:54,179 INFO [default] calling delete[] on the pointer "data" 

2021-03-03 18:00:54,179 INFO [default] End DynamicArray::~DynamicArray()

2021-03-03 18:00:54,179 INFO [default] Start DynamicArray::~DynamicArray()

2021-03-03 18:00:54,179 INFO [default] calling delete[] on the pointer "data" 

2021-03-03 18:00:54,179 INFO [default] End DynamicArray::~DynamicArray()

