2021-02-01 19:27:37,567 INFO [default] Start: Main int main()

2021-02-01 19:27:37,567 INFO [default] Start: TripleIntPBV int TripleIntPBV(int)

2021-02-01 19:27:37,567 INFO [default] End: TripleIntPBV int TripleIntPBV(int)

2021-02-01 19:27:37,567 INFO [default] Start: TripleIntPBV int TripleIntPBV(int)

2021-02-01 19:27:37,567 INFO [default] End: TripleIntPBV int TripleIntPBV(int)

2021-02-01 19:27:37,567 INFO [default] Start: TripleIntPBV int TripleIntPBV(int)

2021-02-01 19:27:37,567 INFO [default] End: TripleIntPBV int TripleIntPBV(int)

2021-02-01 19:27:37,567 INFO [default] Start: TripleIntPBV int TripleIntPBV(int)

2021-02-01 19:27:37,567 INFO [default] End: TripleIntPBV int TripleIntPBV(int)

2021-02-01 19:27:37,567 INFO [default] Start: TripleIntPBV int TripleIntPBV(int)

2021-02-01 19:27:37,567 INFO [default] End: TripleIntPBV int TripleIntPBV(int)

2021-02-01 19:27:37,567 INFO [default] Start: TripleIntPBP void TripleIntPBP(int*)

2021-02-01 19:27:37,567 INFO [default] End: TripleIntPBP void TripleIntPBP(int*)

2021-02-01 19:27:37,567 INFO [default] Start: TripleIntPBP void TripleIntPBP(int*)

2021-02-01 19:27:37,567 INFO [default] End: TripleIntPBP void TripleIntPBP(int*)

2021-02-01 19:27:37,567 INFO [default] Start: TripleIntPBP void TripleIntPBP(int*)

2021-02-01 19:27:37,567 INFO [default] End: TripleIntPBP void TripleIntPBP(int*)

2021-02-01 19:27:37,567 INFO [default] Start: TripleIntPBP void TripleIntPBP(int*)

2021-02-01 19:27:37,567 INFO [default] End: TripleIntPBP void TripleIntPBP(int*)

2021-02-01 19:27:37,567 INFO [default] Start: TripleIntPBR void TripleIntPBR(int&)

2021-02-01 19:27:37,567 INFO [default] End: TripleIntPBR void TripleIntPBR(int&)

2021-02-01 19:27:37,567 INFO [default] Start: TripleIntPBR void TripleIntPBR(int&)

2021-02-01 19:27:37,567 INFO [default] End: TripleIntPBR void TripleIntPBR(int&)

2021-02-01 19:27:37,568 INFO [default] Start: TripleIntPBR void TripleIntPBR(int&)

2021-02-01 19:27:37,568 INFO [default] End: TripleIntPBR void TripleIntPBR(int&)

2021-02-01 19:27:37,568 INFO [default] Start: TripleIntPBR void TripleIntPBR(int&)

2021-02-01 19:27:37,568 INFO [default] End: TripleIntPBR void TripleIntPBR(int&)

2021-02-01 19:27:37,568 INFO [default] Start: SwapIntPBP void SwapIntPBP(int*, int*)

2021-02-01 19:27:37,568 INFO [default] End: SwapIntPBP void SwapIntPBP(int*, int*)

2021-02-01 19:27:37,568 INFO [default] Start: SwapIntPBP void SwapIntPBP(int*, int*)

2021-02-01 19:27:37,568 INFO [default] End: SwapIntPBP void SwapIntPBP(int*, int*)

2021-02-01 19:27:37,568 INFO [default] Start: SwapIntPBP void SwapIntPBP(int*, int*)

2021-02-01 19:27:37,568 INFO [default] End: SwapIntPBP void SwapIntPBP(int*, int*)

2021-02-01 19:27:37,568 INFO [default] Start: SwapIntPBP void SwapIntPBP(int*, int*)

2021-02-01 19:27:37,568 INFO [default] End: SwapIntPBP void SwapIntPBP(int*, int*)

2021-02-01 19:27:37,568 INFO [default] Start: SwapIntPBR void SwapIntPBR(int&, int&)

2021-02-01 19:27:37,568 INFO [default] End: SwapIntPBR void SwapIntPBR(int&, int&)

2021-02-01 19:27:37,568 INFO [default] Start: SwapIntPBR void SwapIntPBR(int&, int&)

2021-02-01 19:27:37,568 INFO [default] End: SwapIntPBR void SwapIntPBR(int&, int&)

2021-02-01 19:27:37,568 INFO [default] Start: SwapIntPBR void SwapIntPBR(int&, int&)

2021-02-01 19:27:37,568 INFO [default] End: SwapIntPBR void SwapIntPBR(int&, int&)

2021-02-01 19:27:37,568 INFO [default] Start: SwapIntPBR void SwapIntPBR(int&, int&)

2021-02-01 19:27:37,568 INFO [default] End: SwapIntPBR void SwapIntPBR(int&, int&)

2021-02-01 19:27:37,568 INFO [default] Start: LargerInt int LargerInt(int, int)

2021-02-01 19:27:37,568 INFO [default] End: LargerInt int LargerInt(int, int)

2021-02-01 19:27:37,568 INFO [default] Start: LargerInt int LargerInt(int, int)

2021-02-01 19:27:37,568 INFO [default] End: LargerInt int LargerInt(int, int)

2021-02-01 19:27:37,568 INFO [default] Start: LargerInt int LargerInt(int, int)

2021-02-01 19:27:37,568 INFO [default] End: LargerInt int LargerInt(int, int)

2021-02-01 19:27:37,568 INFO [default] Start: LargerInt int LargerInt(int, int)

2021-02-01 19:27:37,568 INFO [default] End: LargerInt int LargerInt(int, int)

2021-02-01 19:27:37,568 INFO [default] Start: LargerIntPBR void LargerIntPBR(int, int, int&)

2021-02-01 19:27:37,568 INFO [default] End: LargerIntPBR void LargerIntPBR(int, int, int&)

2021-02-01 19:27:37,568 INFO [default] Start: LargerIntPBR void LargerIntPBR(int, int, int&)

2021-02-01 19:27:37,568 INFO [default] End: LargerIntPBR void LargerIntPBR(int, int, int&)

2021-02-01 19:27:37,568 INFO [default] Start: LargerIntPBR void LargerIntPBR(int, int, int&)

2021-02-01 19:27:37,568 INFO [default] End: LargerIntPBR void LargerIntPBR(int, int, int&)

2021-02-01 19:27:37,568 INFO [default] Start: LargerIntPBR void LargerIntPBR(int, int, int&)

2021-02-01 19:27:37,568 INFO [default] End: LargerIntPBR void LargerIntPBR(int, int, int&)

2021-02-01 19:27:37,568 INFO [default] Start: LargerIntPBP void LargerIntPBP(int, int, int*)

2021-02-01 19:27:37,568 INFO [default] End: LargerIntPBP void LargerIntPBP(int, int, int*)

2021-02-01 19:27:37,568 INFO [default] Start: LargerIntPBP void LargerIntPBP(int, int, int*)

2021-02-01 19:27:37,568 INFO [default] End: LargerIntPBP void LargerIntPBP(int, int, int*)

2021-02-01 19:27:37,568 INFO [default] Start: LargerIntPBP void LargerIntPBP(int, int, int*)

2021-02-01 19:27:37,568 INFO [default] End: LargerIntPBP void LargerIntPBP(int, int, int*)

2021-02-01 19:27:37,568 INFO [default] Start: LargerIntPBP void LargerIntPBP(int, int, int*)

2021-02-01 19:27:37,568 INFO [default] End: LargerIntPBP void LargerIntPBP(int, int, int*)

2021-02-01 19:27:37,568 INFO [default] End: Main int main()

