2021-01-27 19:57:22,807 INFO [default] Start void TripleInt(int&)

2021-01-27 19:57:22,807 INFO [default] End void TripleInt(int&)

2021-01-27 19:57:22,808 INFO [default] Start void TripleInt(int&)

2021-01-27 19:57:22,808 INFO [default] End void TripleInt(int&)

2021-01-27 19:57:22,808 INFO [default] Start void TripleInt(int&)

2021-01-27 19:57:22,808 INFO [default] End void TripleInt(int&)

2021-01-27 19:57:22,808 INFO [default] Start void TripleInt(int&)

2021-01-27 19:57:22,808 INFO [default] End void TripleInt(int&)

2021-01-27 19:57:22,808 INFO [default] Start: SmallerInt void SmallerInt(int, int, int&)

2021-01-27 19:57:22,808 INFO [default] End: SmallerInt void SmallerInt(int, int, int&)

2021-01-27 19:57:22,808 INFO [default] Start: SmallerInt void SmallerInt(int, int, int&)

2021-01-27 19:57:22,808 INFO [default] End: SmallerInt void SmallerInt(int, int, int&)

2021-01-27 19:57:22,808 INFO [default] Start: SmallerInt void SmallerInt(int, int, int&)

2021-01-27 19:57:22,808 INFO [default] End: SmallerInt void SmallerInt(int, int, int&)

2021-01-27 19:57:22,808 INFO [default] Start: SmallerInt void SmallerInt(int, int, int&)

2021-01-27 19:57:22,808 INFO [default] End: SmallerInt void SmallerInt(int, int, int&)

2021-01-27 19:57:22,808 INFO [default] Start: LargerInt void LargerInt(int, int, int&)

2021-01-27 19:57:22,808 INFO [default] End: LargerInt void LargerInt(int, int, int&)

2021-01-27 19:57:22,808 INFO [default] Start: LargerInt void LargerInt(int, int, int&)

2021-01-27 19:57:22,808 INFO [default] End: LargerInt void LargerInt(int, int, int&)

2021-01-27 19:57:22,808 INFO [default] Start: LargerInt void LargerInt(int, int, int&)

2021-01-27 19:57:22,808 INFO [default] End: LargerInt void LargerInt(int, int, int&)

2021-01-27 19:57:22,808 INFO [default] Start: LargerInt void LargerInt(int, int, int&)

2021-01-27 19:57:22,808 INFO [default] End: LargerInt void LargerInt(int, int, int&)

2021-01-27 19:57:22,808 INFO [default] Start: SwapInt void SwapInt(int&, int&)

2021-01-27 19:57:22,808 INFO [default] End: SwapInt void SwapInt(int&, int&)

2021-01-27 19:57:22,808 INFO [default] Start: SwapInt void SwapInt(int&, int&)

2021-01-27 19:57:22,808 INFO [default] End: SwapInt void SwapInt(int&, int&)

2021-01-27 19:57:22,808 INFO [default] Start: SwapInt void SwapInt(int&, int&)

2021-01-27 19:57:22,808 INFO [default] End: SwapInt void SwapInt(int&, int&)

2021-01-27 19:57:22,808 INFO [default] Start: SwapInt void SwapInt(int&, int&)

2021-01-27 19:57:22,808 INFO [default] End: SwapInt void SwapInt(int&, int&)

