2021-03-22 18:42:42,982 INFO [default] Start Queue::Queue()

2021-03-22 18:42:42,982 INFO [default] End Queue::Queue()

2021-03-22 18:42:42,982 INFO [default] Start std::__cxx11::string Queue::ToString()

2021-03-22 18:42:42,982 INFO [default] Start int Queue::size()

2021-03-22 18:42:42,982 INFO [default] End int Queue::size()

2021-03-22 18:42:42,982 INFO [default] Returning: 0

2021-03-22 18:42:42,982 INFO [default] Start bool Queue::empty()

2021-03-22 18:42:42,982 INFO [default] End bool Queue::empty()

2021-03-22 18:42:42,982 INFO [default] Returning: 1

2021-03-22 18:42:42,982 INFO [default] Start bool Queue::full()

2021-03-22 18:42:42,982 INFO [default] End bool Queue::full()

2021-03-22 18:42:42,982 INFO [default] Returning: 0

2021-03-22 18:42:42,982 INFO [default] Start int Queue::size()

2021-03-22 18:42:42,982 INFO [default] End int Queue::size()

2021-03-22 18:42:42,982 INFO [default] Returning: 0

2021-03-22 18:42:42,982 INFO [default] End std::__cxx11::string Queue::ToString()

2021-03-22 18:42:42,982 INFO [default] Returning: 
ELEMTYPE: int
QUEUESIZE: 4
backIndex: 0
size(): 0
empty(): 1
full(): 0


2021-03-22 18:42:42,982 INFO [default] Start bool Queue::enQueue(int)

2021-03-22 18:42:42,982 INFO [default] Parameter: 5

2021-03-22 18:42:42,982 INFO [default] Testing to see if the queue is full

2021-03-22 18:42:42,982 INFO [default] Start bool Queue::full()

2021-03-22 18:42:42,982 INFO [default] End bool Queue::full()

2021-03-22 18:42:42,982 INFO [default] Returning: 0

2021-03-22 18:42:42,982 INFO [default] storing the value into index 0

2021-03-22 18:42:42,982 INFO [default] incrementing backIndex 

2021-03-22 18:42:42,982 INFO [default] End bool Queue::enQueue(int)

2021-03-22 18:42:42,982 INFO [default] Returning: true

2021-03-22 18:42:42,982 INFO [default] Start bool Queue::enQueue(int)

2021-03-22 18:42:42,982 INFO [default] Parameter: 10

2021-03-22 18:42:42,982 INFO [default] Testing to see if the queue is full

2021-03-22 18:42:42,983 INFO [default] Start bool Queue::full()

2021-03-22 18:42:42,983 INFO [default] End bool Queue::full()

2021-03-22 18:42:42,983 INFO [default] Returning: 0

2021-03-22 18:42:42,983 INFO [default] storing the value into index 1

2021-03-22 18:42:42,983 INFO [default] incrementing backIndex 

2021-03-22 18:42:42,983 INFO [default] End bool Queue::enQueue(int)

2021-03-22 18:42:42,983 INFO [default] Returning: true

2021-03-22 18:42:42,983 INFO [default] Start bool Queue::enQueue(int)

2021-03-22 18:42:42,983 INFO [default] Parameter: 15

2021-03-22 18:42:42,983 INFO [default] Testing to see if the queue is full

2021-03-22 18:42:42,983 INFO [default] Start bool Queue::full()

2021-03-22 18:42:42,983 INFO [default] End bool Queue::full()

2021-03-22 18:42:42,983 INFO [default] Returning: 0

2021-03-22 18:42:42,983 INFO [default] storing the value into index 2

2021-03-22 18:42:42,983 INFO [default] incrementing backIndex 

2021-03-22 18:42:42,983 INFO [default] End bool Queue::enQueue(int)

2021-03-22 18:42:42,983 INFO [default] Returning: true

2021-03-22 18:42:42,983 INFO [default] Start bool Queue::enQueue(int)

2021-03-22 18:42:42,983 INFO [default] Parameter: 20

2021-03-22 18:42:42,983 INFO [default] Testing to see if the queue is full

2021-03-22 18:42:42,983 INFO [default] Start bool Queue::full()

2021-03-22 18:42:42,983 INFO [default] End bool Queue::full()

2021-03-22 18:42:42,983 INFO [default] Returning: 0

2021-03-22 18:42:42,983 INFO [default] storing the value into index 3

2021-03-22 18:42:42,983 INFO [default] incrementing backIndex 

2021-03-22 18:42:42,983 INFO [default] End bool Queue::enQueue(int)

2021-03-22 18:42:42,983 INFO [default] Returning: true

2021-03-22 18:42:42,983 INFO [default] Start std::__cxx11::string Queue::ToString()

2021-03-22 18:42:42,983 INFO [default] Start int Queue::size()

2021-03-22 18:42:42,983 INFO [default] End int Queue::size()

2021-03-22 18:42:42,983 INFO [default] Returning: 4

2021-03-22 18:42:42,983 INFO [default] Start bool Queue::empty()

2021-03-22 18:42:42,983 INFO [default] End bool Queue::empty()

2021-03-22 18:42:42,983 INFO [default] Returning: 0

2021-03-22 18:42:42,983 INFO [default] Start bool Queue::full()

2021-03-22 18:42:42,983 INFO [default] End bool Queue::full()

2021-03-22 18:42:42,983 INFO [default] Returning: 1

2021-03-22 18:42:42,983 INFO [default] Start int Queue::size()

2021-03-22 18:42:42,983 INFO [default] End int Queue::size()

2021-03-22 18:42:42,983 INFO [default] Returning: 4

2021-03-22 18:42:42,983 INFO [default] Start int Queue::size()

2021-03-22 18:42:42,983 INFO [default] End int Queue::size()

2021-03-22 18:42:42,983 INFO [default] Returning: 4

2021-03-22 18:42:42,983 INFO [default] Start int Queue::size()

2021-03-22 18:42:42,983 INFO [default] End int Queue::size()

2021-03-22 18:42:42,983 INFO [default] Returning: 4

2021-03-22 18:42:42,983 INFO [default] Start int Queue::size()

2021-03-22 18:42:42,983 INFO [default] End int Queue::size()

2021-03-22 18:42:42,983 INFO [default] Returning: 4

2021-03-22 18:42:42,983 INFO [default] Start int Queue::size()

2021-03-22 18:42:42,983 INFO [default] End int Queue::size()

2021-03-22 18:42:42,983 INFO [default] Returning: 4

2021-03-22 18:42:42,983 INFO [default] End std::__cxx11::string Queue::ToString()

2021-03-22 18:42:42,983 INFO [default] Returning: 
ELEMTYPE: int
QUEUESIZE: 4
backIndex: 4
size(): 4
empty(): 0
full(): 1
data[0]: address: 0x7ffe7e25b5a0 value: 5
data[1]: address: 0x7ffe7e25b5a4 value: 10
data[2]: address: 0x7ffe7e25b5a8 value: 15
data[3]: address: 0x7ffe7e25b5ac value: 20


2021-03-22 18:42:42,983 INFO [default] Start bool Queue::enQueue(int)

2021-03-22 18:42:42,983 INFO [default] Parameter: 25

2021-03-22 18:42:42,983 INFO [default] Testing to see if the queue is full

2021-03-22 18:42:42,984 INFO [default] Start bool Queue::full()

2021-03-22 18:42:42,984 INFO [default] End bool Queue::full()

2021-03-22 18:42:42,984 INFO [default] Returning: 1

2021-03-22 18:42:42,984 INFO [default] End bool Queue::enQueue(int)

2021-03-22 18:42:42,984 INFO [default] Returning: false

2021-03-22 18:42:42,984 INFO [default] Start bool Queue::enQueue(int)

2021-03-22 18:42:42,984 INFO [default] Parameter: 30

2021-03-22 18:42:42,984 INFO [default] Testing to see if the queue is full

2021-03-22 18:42:42,984 INFO [default] Start bool Queue::full()

2021-03-22 18:42:42,984 INFO [default] End bool Queue::full()

2021-03-22 18:42:42,984 INFO [default] Returning: 1

2021-03-22 18:42:42,984 INFO [default] End bool Queue::enQueue(int)

2021-03-22 18:42:42,984 INFO [default] Returning: false

2021-03-22 18:42:42,984 INFO [default] Start bool Queue::enQueue(int)

2021-03-22 18:42:42,984 INFO [default] Parameter: 35

2021-03-22 18:42:42,984 INFO [default] Testing to see if the queue is full

2021-03-22 18:42:42,984 INFO [default] Start bool Queue::full()

2021-03-22 18:42:42,984 INFO [default] End bool Queue::full()

2021-03-22 18:42:42,984 INFO [default] Returning: 1

2021-03-22 18:42:42,984 INFO [default] End bool Queue::enQueue(int)

2021-03-22 18:42:42,984 INFO [default] Returning: false

2021-03-22 18:42:42,984 INFO [default] Start bool Queue::enQueue(int)

2021-03-22 18:42:42,984 INFO [default] Parameter: 40

2021-03-22 18:42:42,984 INFO [default] Testing to see if the queue is full

2021-03-22 18:42:42,984 INFO [default] Start bool Queue::full()

2021-03-22 18:42:42,984 INFO [default] End bool Queue::full()

2021-03-22 18:42:42,984 INFO [default] Returning: 1

2021-03-22 18:42:42,984 INFO [default] End bool Queue::enQueue(int)

2021-03-22 18:42:42,984 INFO [default] Returning: false

2021-03-22 18:42:42,984 INFO [default] Start std::__cxx11::string Queue::ToString()

2021-03-22 18:42:42,984 INFO [default] Start int Queue::size()

2021-03-22 18:42:42,984 INFO [default] End int Queue::size()

2021-03-22 18:42:42,984 INFO [default] Returning: 4

2021-03-22 18:42:42,984 INFO [default] Start bool Queue::empty()

2021-03-22 18:42:42,984 INFO [default] End bool Queue::empty()

2021-03-22 18:42:42,984 INFO [default] Returning: 0

2021-03-22 18:42:42,984 INFO [default] Start bool Queue::full()

2021-03-22 18:42:42,984 INFO [default] End bool Queue::full()

2021-03-22 18:42:42,984 INFO [default] Returning: 1

2021-03-22 18:42:42,984 INFO [default] Start int Queue::size()

2021-03-22 18:42:42,984 INFO [default] End int Queue::size()

2021-03-22 18:42:42,984 INFO [default] Returning: 4

2021-03-22 18:42:42,984 INFO [default] Start int Queue::size()

2021-03-22 18:42:42,984 INFO [default] End int Queue::size()

2021-03-22 18:42:42,984 INFO [default] Returning: 4

2021-03-22 18:42:42,984 INFO [default] Start int Queue::size()

2021-03-22 18:42:42,984 INFO [default] End int Queue::size()

2021-03-22 18:42:42,984 INFO [default] Returning: 4

2021-03-22 18:42:42,984 INFO [default] Start int Queue::size()

2021-03-22 18:42:42,984 INFO [default] End int Queue::size()

2021-03-22 18:42:42,984 INFO [default] Returning: 4

2021-03-22 18:42:42,984 INFO [default] Start int Queue::size()

2021-03-22 18:42:42,984 INFO [default] End int Queue::size()

2021-03-22 18:42:42,984 INFO [default] Returning: 4

2021-03-22 18:42:42,984 INFO [default] End std::__cxx11::string Queue::ToString()

2021-03-22 18:42:42,984 INFO [default] Returning: 
ELEMTYPE: int
QUEUESIZE: 4
backIndex: 4
size(): 4
empty(): 0
full(): 1
data[0]: address: 0x7ffe7e25b5a0 value: 5
data[1]: address: 0x7ffe7e25b5a4 value: 10
data[2]: address: 0x7ffe7e25b5a8 value: 15
data[3]: address: 0x7ffe7e25b5ac value: 20


2021-03-22 18:42:42,984 INFO [default] Start Queue::~Queue()

2021-03-22 18:42:42,984 INFO [default] End Queue::~Queue()

