2021-03-07 21:53:05,067 INFO [default] Start static int DynamicArray::GetObjectCount()

2021-03-07 21:53:05,067 INFO [default] End static int DynamicArray::GetObjectCount()

2021-03-07 21:53:05,067 INFO [default] Returning: 0

2021-03-07 21:53:05,067 INFO [default] Start DynamicArray::DynamicArray(int)

2021-03-07 21:53:05,067 INFO [default] Start Params: 5

2021-03-07 21:53:05,067 INFO [default] End DynamicArray::DynamicArray(int)

2021-03-07 21:53:05,067 INFO [default] End Params: 5

2021-03-07 21:53:05,067 INFO [default] Start std::__cxx11::string DynamicArray::ToString()

2021-03-07 21:53:05,067 INFO [default] End std::__cxx11::string DynamicArray::ToString()

2021-03-07 21:53:05,067 INFO [default] Returning: capacity: 5
object_count: 1
data[0] value: 
data[1] value: 
data[2] value: 
data[3] value: 
data[4] value: 


2021-03-07 21:53:05,067 INFO [default] Start bool DynamicArray::SetValue(std::__cxx11::string, int)

2021-03-07 21:53:05,068 INFO [default] Start Params: Homer,0

2021-03-07 21:53:05,068 INFO [default] End bool DynamicArray::SetValue(std::__cxx11::string, int)

2021-03-07 21:53:05,068 INFO [default] Returning: true

2021-03-07 21:53:05,068 INFO [default] Start bool DynamicArray::SetValue(std::__cxx11::string, int)

2021-03-07 21:53:05,068 INFO [default] Start Params: Marge,1

2021-03-07 21:53:05,068 INFO [default] End bool DynamicArray::SetValue(std::__cxx11::string, int)

2021-03-07 21:53:05,068 INFO [default] Returning: true

2021-03-07 21:53:05,068 INFO [default] Start bool DynamicArray::SetValue(std::__cxx11::string, int)

2021-03-07 21:53:05,068 INFO [default] Start Params: Bart,2

2021-03-07 21:53:05,068 INFO [default] End bool DynamicArray::SetValue(std::__cxx11::string, int)

2021-03-07 21:53:05,068 INFO [default] Returning: true

2021-03-07 21:53:05,068 INFO [default] Start bool DynamicArray::SetValue(std::__cxx11::string, int)

2021-03-07 21:53:05,068 INFO [default] Start Params: Lisa,3

2021-03-07 21:53:05,068 INFO [default] End bool DynamicArray::SetValue(std::__cxx11::string, int)

2021-03-07 21:53:05,068 INFO [default] Returning: true

2021-03-07 21:53:05,068 INFO [default] Start bool DynamicArray::SetValue(std::__cxx11::string, int)

2021-03-07 21:53:05,068 INFO [default] Start Params: Maggie,4

2021-03-07 21:53:05,068 INFO [default] End bool DynamicArray::SetValue(std::__cxx11::string, int)

2021-03-07 21:53:05,068 INFO [default] Returning: true

2021-03-07 21:53:05,068 INFO [default] Start bool DynamicArray::SetValue(std::__cxx11::string, int)

2021-03-07 21:53:05,068 INFO [default] Start Params: Apu,5

2021-03-07 21:53:05,068 INFO [default] End bool DynamicArray::SetValue(std::__cxx11::string, int)

2021-03-07 21:53:05,068 INFO [default] Returning: false

2021-03-07 21:53:05,068 INFO [default] Start bool DynamicArray::SetValue(std::__cxx11::string, int)

2021-03-07 21:53:05,068 INFO [default] Start Params: Manjula,6

2021-03-07 21:53:05,068 INFO [default] End bool DynamicArray::SetValue(std::__cxx11::string, int)

2021-03-07 21:53:05,068 INFO [default] Returning: false

2021-03-07 21:53:05,068 INFO [default] Start std::__cxx11::string DynamicArray::ToString()

2021-03-07 21:53:05,068 INFO [default] End std::__cxx11::string DynamicArray::ToString()

2021-03-07 21:53:05,068 INFO [default] Returning: capacity: 5
object_count: 1
data[0] value: Homer
data[1] value: Marge
data[2] value: Bart
data[3] value: Lisa
data[4] value: Maggie


2021-03-07 21:53:05,068 INFO [default] Start std::__cxx11::string CreateXML(DynamicArray&)

2021-03-07 21:53:05,068 INFO [default] End std::__cxx11::string CreateXML(DynamicArray&)

2021-03-07 21:53:05,068 INFO [default] Returning: <DynamicArray>
<capacity>5</capacity>
<object_count>1</object_count>
<data>
  <value>Homer</value>
  <value>Marge</value>
  <value>Bart</value>
  <value>Lisa</value>
  <value>Maggie</value>
</data>
</DynamicArray>


2021-03-07 21:53:05,068 INFO [default] Start static int DynamicArray::GetObjectCount()

2021-03-07 21:53:05,068 INFO [default] End static int DynamicArray::GetObjectCount()

2021-03-07 21:53:05,068 INFO [default] Returning: 1

2021-03-07 21:53:05,068 INFO [default] Start DynamicArray::~DynamicArray()

2021-03-07 21:53:05,068 INFO [default] in destructor object_count=1, data=0x55d834b12d28

2021-03-07 21:53:05,068 INFO [default] End DynamicArray::~DynamicArray()

2021-03-07 21:53:05,068 INFO [default] Start static int DynamicArray::GetObjectCount()

2021-03-07 21:53:05,068 INFO [default] End static int DynamicArray::GetObjectCount()

2021-03-07 21:53:05,068 INFO [default] Returning: 0

